305.c: In function ‘main’:
305.c:28:1: error: expected ‘;’ at end of input
305.c:28:1: error: expected declaration or statement at end of input
