305.c: In function ‘main’:
305.c:7:35: error: expected ‘;’ before numeric constant
305.c:7:36: error: expected statement before ‘)’ token
305.c:7:38: error: expected ‘;’ before ‘)’ token
305.c:7:38: error: expected statement before ‘)’ token
305.c:20:87: error: expected ‘;’ before numeric constant
305.c:20:88: error: expected statement before ‘)’ token
305.c:22:35: error: expected ‘;’ before numeric constant
305.c:22:36: error: expected statement before ‘)’ token
305.c:22:54: error: expected ‘;’ before numeric constant
305.c:22:55: error: expected statement before ‘)’ token
305.c:22:57: error: expected ‘;’ before ‘)’ token
305.c:22:57: error: expected statement before ‘)’ token
305.c:25:63: error: expected ‘)’ before numeric constant
305.c:25:63: error: too few arguments to function ‘pow’
305.c:25:103: error: expected ‘;’ before ‘)’ token
305.c:25:103: error: expected statement before ‘)’ token
305.c:29:18: error: expected ‘]’ before numeric constant
305.c:29:19: error: expected ‘;’ before ‘)’ token
305.c:29:19: error: expected statement before ‘)’ token
305.c:29:20: error: expected statement before ‘]’ token
305.c:29:22: error: expected expression before ‘=’ token
