305.c: In function ‘main’:
305.c:19:2: error: expected ‘;’ at end of input
305.c:19:2: error: expected declaration or statement at end of input
